[2025-10-05 22:45:48] INFO: Servidor corriendo en http://localhost:3000
[2025-10-05 22:54:54] ERROR: Error en registro: data and salt arguments required
[2025-10-05 22:56:56] ERROR: Error en registro: data and salt arguments required
[2025-10-05 22:59:11] ERROR: Error en registro: data and salt arguments required
[2025-10-05 23:01:48] INFO: Usuario registrado: edgar@example.com
[2025-10-05 23:02:06] ERROR: Error en registro: llave duplicada viola restricción de unicidad «usuarios_correo_key»
[2025-10-05 23:03:01] ERROR: Error en registro: llave duplicada viola restricción de unicidad «usuarios_correo_key»
[2025-10-05 23:03:27] INFO: Usuario registrado: jose@example.com
[2025-10-06 00:28:36] INFO: Servidor corriendo en http://localhost:3000
[2025-10-06 00:30:47] INFO: Servidor corriendo en http://localhost:3000
[2025-10-06 00:35:54] INFO: Servidor corriendo en http://localhost:3000[2025-10-06 17:14:26] INFO: Servidor corriendo en http://localhost:3000
[2025-10-06 17:15:40] INFO: Servidor corriendo en http://localhost:3000
[2025-10-06 17:17:50] INFO: Servidor corriendo en http://localhost:3000
[2025-10-06 17:21:23] INFO: Servidor corriendo en http://localhost:3000
[2025-10-06 17:23:27] INFO: Servidor corriendo en http://localhost:3000
[2025-10-06 17:25:31] INFO: Servidor corriendo en http://localhost:3000
[2025-10-06 17:28:39] INFO: Servidor de sensores corriendo en http://localhost:3000
[2025-10-06 17:34:17] INFO: Servidor de sensores corriendo en http://localhost:3000
[2025-10-06 17:34:22] ERROR: Error al obtener datos de sensores: fetch is not a function
[2025-10-06 17:34:22] ERROR: Worker falló: fetch is not a function
[2025-10-06 17:34:27] ERROR: Error al obtener datos de sensores: fetch is not a function
[2025-10-06 17:34:27] ERROR: Worker falló: fetch is not a function
[2025-10-06 17:34:32] ERROR: Error al obtener datos de sensores: fetch is not a function
[2025-10-06 17:34:32] ERROR: Worker falló: fetch is not a function
[2025-10-06 17:34:37] ERROR: Error al obtener datos de sensores: fetch is not a function
[2025-10-06 17:34:37] ERROR: Worker falló: fetch is not a function
[2025-10-06 17:34:42] ERROR: Error al obtener datos de sensores: fetch is not a function
[2025-10-06 17:34:42] ERROR: Worker falló: fetch is not a function
[2025-10-06 17:34:47] ERROR: Error al obtener datos de sensores: fetch is not a function
[2025-10-06 17:34:47] ERROR: Worker falló: fetch is not a function
[2025-10-06 17:34:52] ERROR: Error al obtener datos de sensores: fetch is not a function
[2025-10-06 17:34:52] ERROR: Worker falló: fetch is not a function
[2025-10-06 17:34:57] ERROR: Error al obtener datos de sensores: fetch is not a function
[2025-10-06 17:34:57] ERROR: Worker falló: fetch is not a function
[2025-10-06 17:36:44] INFO: Servidor de sensores corriendo en http://localhost:3000
[2025-10-06 17:36:51] INFO: Datos de sensores obtenidos correctamente en 1868 ms
[2025-10-06 17:36:51] INFO: Worker ejecutado, N/A registros obtenidos
[2025-10-06 17:36:55] INFO: Datos de sensores obtenidos correctamente en 1266 ms
[2025-10-06 17:36:55] INFO: Worker ejecutado, N/A registros obtenidos
[2025-10-06 17:37:00] INFO: Datos de sensores obtenidos correctamente en 1392 ms
[2025-10-06 17:37:00] INFO: Worker ejecutado, N/A registros obtenidos
[2025-10-06 17:37:05] INFO: Datos de sensores obtenidos correctamente en 1378 ms
[2025-10-06 17:37:05] INFO: Worker ejecutado, N/A registros obtenidos
[2025-10-06 17:37:10] INFO: Datos de sensores obtenidos correctamente en 1000 ms
[2025-10-06 17:37:10] INFO: Worker ejecutado, N/A registros obtenidos
[2025-10-06 17:37:16] INFO: Datos de sensores obtenidos correctamente en 1631 ms
[2025-10-06 17:37:16] INFO: Worker ejecutado, N/A registros obtenidos
[2025-10-06 17:42:08] INFO: Servidor de sensores corriendo en http://localhost:3000
[2025-10-06 17:42:14] INFO: Datos de sensores obtenidos correctamente en 1856 ms (total: N/A)
[2025-10-06 17:42:14] WARN: ⚠️ Alerta: No se recibieron datos de sensores
[2025-10-06 17:42:15] INFO: Worker ejecutado: N/A sensores, 0 parcelas activas
[2025-10-06 17:42:15] ERROR: Worker falló: sensores.forEach is not a function
[2025-10-06 17:42:19] INFO: Datos de sensores obtenidos correctamente en 1258 ms (total: N/A)
[2025-10-06 17:42:19] WARN: ⚠️ Alerta: No se recibieron datos de sensores
[2025-10-06 17:42:19] INFO: Worker ejecutado: N/A sensores, 0 parcelas activas
[2025-10-06 17:42:19] ERROR: Worker falló: sensores.forEach is not a function
[2025-10-06 17:42:24] INFO: Datos de sensores obtenidos correctamente en 1433 ms (total: N/A)
[2025-10-06 17:42:24] WARN: ⚠️ Alerta: No se recibieron datos de sensores
[2025-10-06 17:42:24] INFO: Worker ejecutado: N/A sensores, 0 parcelas activas
[2025-10-06 17:42:24] ERROR: Worker falló: sensores.forEach is not a function
[2025-10-06 17:42:29] INFO: Datos de sensores obtenidos correctamente en 974 ms (total: N/A)
[2025-10-06 17:42:29] WARN: ⚠️ Alerta: No se recibieron datos de sensores
[2025-10-06 17:42:29] INFO: Worker ejecutado: N/A sensores, 0 parcelas activas
[2025-10-06 17:42:29] ERROR: Worker falló: sensores.forEach is not a function
[2025-10-06 17:42:34] INFO: Datos de sensores obtenidos correctamente en 1002 ms (total: N/A)
[2025-10-06 17:42:34] WARN: ⚠️ Alerta: No se recibieron datos de sensores
[2025-10-06 17:42:34] INFO: Worker ejecutado: N/A sensores, 0 parcelas activas
[2025-10-06 17:42:34] ERROR: Worker falló: sensores.forEach is not a function
[2025-10-06 17:43:23] INFO: Servidor de sensores corriendo en http://localhost:3000
[2025-10-06 17:43:30] INFO: Datos de sensores obtenidos correctamente en 1803 ms (total: 4)
[2025-10-06 17:43:30] INFO: Worker ejecutado: 4 sensores, 0 parcelas activas
[2025-10-06 17:43:34] INFO: Datos de sensores obtenidos correctamente en 1234 ms (total: 4)
[2025-10-06 17:43:34] INFO: Worker ejecutado: 4 sensores, 0 parcelas activas
[2025-10-06 17:43:39] INFO: Datos de sensores obtenidos correctamente en 1045 ms (total: 4)
[2025-10-06 17:43:39] INFO: Worker ejecutado: 4 sensores, 0 parcelas activas
[2025-10-06 17:43:45] INFO: Datos de sensores obtenidos correctamente en 1406 ms (total: 4)
[2025-10-06 17:43:45] INFO: Worker ejecutado: 4 sensores, 0 parcelas activas
[2025-10-06 17:43:50] INFO: Datos de sensores obtenidos correctamente en 1250 ms (total: 4)
[2025-10-06 17:43:50] INFO: Worker ejecutado: 4 sensores, 0 parcelas activas
[2025-10-06 17:43:55] INFO: Datos de sensores obtenidos correctamente en 1230 ms (total: 4)
[2025-10-06 17:43:55] INFO: Worker ejecutado: 4 sensores, 0 parcelas activas
[2025-10-06 17:44:00] INFO: Datos de sensores obtenidos correctamente en 1377 ms (total: 4)
[2025-10-06 17:44:00] INFO: Worker ejecutado: 4 sensores, 0 parcelas activas
[2025-10-06 17:44:04] INFO: Datos de sensores obtenidos correctamente en 1073 ms (total: 4)
[2025-10-06 17:44:04] INFO: Worker ejecutado: 4 sensores, 0 parcelas activas
[2025-10-06 17:44:10] INFO: Datos de sensores obtenidos correctamente en 1966 ms (total: 4)
[2025-10-06 17:44:10] INFO: Worker ejecutado: 4 sensores, 0 parcelas activas
[2025-10-06 17:44:15] INFO: Datos de sensores obtenidos correctamente en 1405 ms (total: 4)
[2025-10-06 17:44:15] INFO: Worker ejecutado: 4 sensores, 0 parcelas activas
[2025-10-06 17:44:20] INFO: Datos de sensores obtenidos correctamente en 1472 ms (total: 4)
[2025-10-06 17:44:20] INFO: Worker ejecutado: 4 sensores, 0 parcelas activas
[2025-10-06 17:44:25] INFO: Datos de sensores obtenidos correctamente en 1578 ms (total: 4)
[2025-10-06 17:44:25] INFO: Worker ejecutado: 4 sensores, 0 parcelas activas
[2025-10-06 17:44:30] INFO: Datos de sensores obtenidos correctamente en 1522 ms (total: 4)
[2025-10-06 17:44:30] INFO: Worker ejecutado: 4 sensores, 0 parcelas activas
[2025-10-06 17:44:35] INFO: Datos de sensores obtenidos correctamente en 1361 ms (total: 4)
[2025-10-06 17:44:35] INFO: Worker ejecutado: 4 sensores, 0 parcelas activas
[2025-10-06 17:44:40] INFO: Datos de sensores obtenidos correctamente en 1307 ms (total: 4)
[2025-10-06 17:44:40] INFO: Worker ejecutado: 4 sensores, 0 parcelas activas
[2025-10-06 17:44:44] INFO: Datos de sensores obtenidos correctamente en 1024 ms (total: 4)
[2025-10-06 17:44:44] INFO: Worker ejecutado: 4 sensores, 0 parcelas activas
[2025-10-06 17:44:50] INFO: Datos de sensores obtenidos correctamente en 1339 ms (total: 4)
[2025-10-06 17:44:50] INFO: Worker ejecutado: 4 sensores, 0 parcelas activas
[2025-10-06 17:44:55] INFO: Datos de sensores obtenidos correctamente en 1305 ms (total: 4)
[2025-10-06 17:44:55] INFO: Worker ejecutado: 4 sensores, 0 parcelas activas
[2025-10-06 17:45:00] INFO: Datos de sensores obtenidos correctamente en 1318 ms (total: 4)
[2025-10-06 17:45:00] INFO: Worker ejecutado: 4 sensores, 0 parcelas activas
[2025-10-06 17:45:05] INFO: Datos de sensores obtenidos correctamente en 1284 ms (total: 4)
[2025-10-06 17:45:05] INFO: Worker ejecutado: 4 sensores, 0 parcelas activas
[2025-10-06 17:45:10] INFO: Datos de sensores obtenidos correctamente en 1371 ms (total: 4)
[2025-10-06 17:45:10] INFO: Worker ejecutado: 4 sensores, 0 parcelas activas
[2025-10-06 17:45:15] INFO: Datos de sensores obtenidos correctamente en 1356 ms (total: 4)
[2025-10-06 17:45:15] INFO: Worker ejecutado: 4 sensores, 0 parcelas activas
[2025-10-06 17:45:20] INFO: Datos de sensores obtenidos correctamente en 1424 ms (total: 4)
[2025-10-06 17:45:20] INFO: Worker ejecutado: 4 sensores, 0 parcelas activas
[2025-10-06 17:45:25] INFO: Datos de sensores obtenidos correctamente en 1629 ms (total: 4)
[2025-10-06 17:45:25] INFO: Worker ejecutado: 4 sensores, 0 parcelas activas
[2025-10-06 17:45:30] INFO: Datos de sensores obtenidos correctamente en 1145 ms (total: 4)
[2025-10-06 17:45:30] INFO: Worker ejecutado: 4 sensores, 0 parcelas activas
[2025-10-06 17:45:35] INFO: Datos de sensores obtenidos correctamente en 1115 ms (total: 4)
[2025-10-06 17:45:35] INFO: Worker ejecutado: 4 sensores, 0 parcelas activas
[2025-10-06 17:45:40] INFO: Datos de sensores obtenidos correctamente en 1460 ms (total: 4)
[2025-10-06 17:45:40] INFO: Worker ejecutado: 4 sensores, 0 parcelas activas
[2025-10-06 17:45:45] INFO: Datos de sensores obtenidos correctamente en 1170 ms (total: 4)
[2025-10-06 17:45:45] INFO: Worker ejecutado: 4 sensores, 0 parcelas activas
[2025-10-06 17:45:50] INFO: Datos de sensores obtenidos correctamente en 1225 ms (total: 4)
[2025-10-06 17:45:50] INFO: Worker ejecutado: 4 sensores, 0 parcelas activas
[2025-10-06 17:45:55] INFO: Datos de sensores obtenidos correctamente en 1395 ms (total: 4)
[2025-10-06 17:45:55] INFO: Worker ejecutado: 4 sensores, 0 parcelas activas
[2025-10-06 17:46:00] INFO: Datos de sensores obtenidos correctamente en 1230 ms (total: 4)
[2025-10-06 17:46:00] INFO: Worker ejecutado: 4 sensores, 0 parcelas activas
[2025-10-06 17:46:05] INFO: Datos de sensores obtenidos correctamente en 1638 ms (total: 4)
[2025-10-06 17:46:05] INFO: Worker ejecutado: 4 sensores, 0 parcelas activas
[2025-10-06 17:46:10] INFO: Datos de sensores obtenidos correctamente en 1387 ms (total: 4)
[2025-10-06 17:46:10] INFO: Worker ejecutado: 4 sensores, 0 parcelas activas
[2025-10-06 17:46:15] INFO: Datos de sensores obtenidos correctamente en 1521 ms (total: 4)
[2025-10-06 17:46:15] INFO: Worker ejecutado: 4 sensores, 0 parcelas activas
[2025-10-06 17:46:20] INFO: Datos de sensores obtenidos correctamente en 1064 ms (total: 4)
[2025-10-06 17:46:20] INFO: Worker ejecutado: 4 sensores, 0 parcelas activas
[2025-10-06 17:46:25] INFO: Datos de sensores obtenidos correctamente en 1283 ms (total: 4)
[2025-10-06 17:46:25] INFO: Worker ejecutado: 4 sensores, 0 parcelas activas
[2025-10-06 17:46:30] INFO: Datos de sensores obtenidos correctamente en 1251 ms (total: 4)
[2025-10-06 17:46:30] INFO: Worker ejecutado: 4 sensores, 0 parcelas activas
[2025-10-06 17:46:35] INFO: Datos de sensores obtenidos correctamente en 1245 ms (total: 4)
[2025-10-06 17:46:35] INFO: Worker ejecutado: 4 sensores, 0 parcelas activas
[2025-10-06 17:46:40] INFO: Datos de sensores obtenidos correctamente en 1386 ms (total: 4)
[2025-10-06 17:46:40] INFO: Worker ejecutado: 4 sensores, 0 parcelas activas
[2025-10-06 17:46:45] INFO: Datos de sensores obtenidos correctamente en 1335 ms (total: 4)
[2025-10-06 17:46:45] INFO: Worker ejecutado: 4 sensores, 0 parcelas activas
[2025-10-06 17:46:50] INFO: Datos de sensores obtenidos correctamente en 1156 ms (total: 4)
[2025-10-06 17:46:50] INFO: Worker ejecutado: 4 sensores, 0 parcelas activas
[2025-10-06 17:46:55] INFO: Datos de sensores obtenidos correctamente en 1173 ms (total: 4)
[2025-10-06 17:46:55] INFO: Worker ejecutado: 4 sensores, 0 parcelas activas
[2025-10-06 17:47:00] INFO: Datos de sensores obtenidos correctamente en 1820 ms (total: 4)
[2025-10-06 17:47:00] INFO: Worker ejecutado: 4 sensores, 0 parcelas activas
[2025-10-06 17:47:05] INFO: Datos de sensores obtenidos correctamente en 1576 ms (total: 4)
[2025-10-06 17:47:05] INFO: Worker ejecutado: 4 sensores, 0 parcelas activas
[2025-10-06 17:47:10] INFO: Datos de sensores obtenidos correctamente en 1297 ms (total: 4)
[2025-10-06 17:47:10] INFO: Worker ejecutado: 4 sensores, 0 parcelas activas
[2025-10-06 17:47:15] INFO: Datos de sensores obtenidos correctamente en 1279 ms (total: 4)
[2025-10-06 17:47:15] INFO: Worker ejecutado: 4 sensores, 0 parcelas activas
[2025-10-06 17:47:20] INFO: Datos de sensores obtenidos correctamente en 1235 ms (total: 4)
[2025-10-06 17:47:20] INFO: Worker ejecutado: 4 sensores, 0 parcelas activas
[2025-10-06 17:47:25] INFO: Datos de sensores obtenidos correctamente en 1321 ms (total: 4)
[2025-10-06 17:47:25] INFO: Worker ejecutado: 4 sensores, 0 parcelas activas
[2025-10-06 17:47:30] INFO: Datos de sensores obtenidos correctamente en 1568 ms (total: 4)
[2025-10-06 17:47:30] INFO: Worker ejecutado: 4 sensores, 0 parcelas activas
[2025-10-06 17:47:35] INFO: Datos de sensores obtenidos correctamente en 1249 ms (total: 4)
[2025-10-06 17:47:35] INFO: Worker ejecutado: 4 sensores, 0 parcelas activas
[2025-10-06 17:47:40] INFO: Datos de sensores obtenidos correctamente en 1460 ms (total: 4)
[2025-10-06 17:47:40] INFO: Worker ejecutado: 4 sensores, 0 parcelas activas
[2025-10-06 17:47:45] INFO: Datos de sensores obtenidos correctamente en 1391 ms (total: 4)
[2025-10-06 17:47:45] INFO: Worker ejecutado: 4 sensores, 0 parcelas activas
[2025-10-06 17:47:50] INFO: Datos de sensores obtenidos correctamente en 1284 ms (total: 4)
[2025-10-06 17:47:50] INFO: Worker ejecutado: 4 sensores, 0 parcelas activas
[2025-10-06 17:48:00] INFO: Datos de sensores obtenidos correctamente en 6429 ms (total: 4)
[2025-10-06 17:48:00] INFO: Worker ejecutado: 4 sensores, 0 parcelas activas
[2025-10-06 17:48:00] INFO: Datos de sensores obtenidos correctamente en 1556 ms (total: 4)
[2025-10-06 17:48:00] INFO: Worker ejecutado: 4 sensores, 0 parcelas activas
[2025-10-06 17:48:12] INFO: Datos de sensores obtenidos correctamente en 3633 ms (total: 4)
[2025-10-06 17:48:12] INFO: Worker ejecutado: 4 sensores, 0 parcelas activas
[2025-10-06 17:48:15] INFO: Datos de sensores obtenidos correctamente en 11475 ms (total: 4)
[2025-10-06 17:48:15] INFO: Worker ejecutado: 4 sensores, 0 parcelas activas
[2025-10-06 17:48:15] INFO: Datos de sensores obtenidos correctamente en 1605 ms (total: 4)
[2025-10-06 17:48:15] INFO: Worker ejecutado: 4 sensores, 0 parcelas activas
[2025-10-06 17:48:20] INFO: Datos de sensores obtenidos correctamente en 1480 ms (total: 4)
[2025-10-06 17:48:20] INFO: Worker ejecutado: 4 sensores, 0 parcelas activas
[2025-10-06 17:48:30] INFO: Datos de sensores obtenidos correctamente en 1600 ms (total: 4)
[2025-10-06 17:48:30] INFO: Worker ejecutado: 4 sensores, 0 parcelas activas
[2025-10-06 17:48:31] INFO: Datos de sensores obtenidos correctamente en 7245 ms (total: 4)
[2025-10-06 17:48:31] INFO: Worker ejecutado: 4 sensores, 0 parcelas activas
[2025-10-06 17:50:11] INFO: Servidor de sensores corriendo en http://localhost:3000
[2025-10-06 17:50:17] INFO: Datos de sensores obtenidos correctamente en 1830 ms (total: 0)
[2025-10-06 17:50:17] WARN: ⚠️ Alerta: No se recibieron datos de sensores
[2025-10-06 17:50:17] INFO: Worker ejecutado: 0 sensores, 0 parcelas activas
[2025-10-06 17:50:22] INFO: Datos de sensores obtenidos correctamente en 1406 ms (total: 0)
[2025-10-06 17:50:22] WARN: ⚠️ Alerta: No se recibieron datos de sensores
[2025-10-06 17:50:22] INFO: Worker ejecutado: 0 sensores, 0 parcelas activas
[2025-10-06 17:50:27] INFO: Datos de sensores obtenidos correctamente en 1110 ms (total: 0)
[2025-10-06 17:50:27] WARN: ⚠️ Alerta: No se recibieron datos de sensores
[2025-10-06 17:50:27] INFO: Worker ejecutado: 0 sensores, 0 parcelas activas
[2025-10-06 17:50:32] INFO: Datos de sensores obtenidos correctamente en 1279 ms (total: 0)
[2025-10-06 17:50:32] WARN: ⚠️ Alerta: No se recibieron datos de sensores
[2025-10-06 17:50:32] INFO: Worker ejecutado: 0 sensores, 0 parcelas activas
[2025-10-06 17:51:33] INFO: Servidor de sensores corriendo en http://localhost:3000
[2025-10-06 17:51:38] ERROR: Worker falló: getDataParcelas is not a function
[2025-10-06 17:51:43] ERROR: Worker falló: getDataParcelas is not a function
[2025-10-06 17:53:01] INFO: Servidor de sensores corriendo en http://localhost:3000
[2025-10-06 17:53:06] ERROR: Worker falló: logger is not defined
[2025-10-06 17:53:11] ERROR: Worker falló: logger is not defined
[2025-10-06 17:53:16] ERROR: Worker falló: logger is not defined
[2025-10-06 17:54:21] INFO: Servidor de sensores corriendo en http://localhost:3000
[2025-10-06 17:54:26] INFO: Datos de sensores obtenidos correctamente en 0 ms (total: 3)
[2025-10-06 17:54:26] ERROR: Worker falló: processSensores is not a function
[2025-10-06 17:54:31] INFO: Datos de sensores obtenidos correctamente en 0 ms (total: 3)
[2025-10-06 17:54:31] ERROR: Worker falló: processSensores is not a function
[2025-10-06 17:55:04] INFO: Servidor de sensores corriendo en http://localhost:3000
[2025-10-06 17:55:10] INFO: Datos de sensores obtenidos correctamente en 1643 ms (total: undefined)
[2025-10-06 17:55:10] WARN: ⚠️ Alerta: No se recibieron datos de sensores
[2025-10-06 17:55:15] INFO: Datos de sensores obtenidos correctamente en 1060 ms (total: undefined)
[2025-10-06 17:55:15] WARN: ⚠️ Alerta: No se recibieron datos de sensores
[2025-10-06 17:56:55] INFO: Servidor corriendo en http://localhost:3000
[2025-10-06 17:57:01] INFO: Datos de sensores obtenidos correctamente en 1524 ms (total: 0)
[2025-10-06 17:57:01] WARN: ⚠️ Alerta: No se recibieron datos de sensores
[2025-10-06 17:57:06] INFO: Datos de sensores obtenidos correctamente en 1201 ms (total: 0)
[2025-10-06 17:57:06] WARN: ⚠️ Alerta: No se recibieron datos de sensores
[2025-10-06 17:57:11] INFO: Datos de sensores obtenidos correctamente en 1362 ms (total: 0)
[2025-10-06 17:57:11] WARN: ⚠️ Alerta: No se recibieron datos de sensores
[2025-10-06 17:57:16] INFO: Datos de sensores obtenidos correctamente en 1367 ms (total: 0)
[2025-10-06 17:57:16] WARN: ⚠️ Alerta: No se recibieron datos de sensores
[2025-10-06 17:57:21] INFO: Datos de sensores obtenidos correctamente en 1137 ms (total: 0)
[2025-10-06 17:57:21] WARN: ⚠️ Alerta: No se recibieron datos de sensores
[2025-10-06 17:57:26] INFO: Datos de sensores obtenidos correctamente en 1176 ms (total: 0)
[2025-10-06 17:57:26] WARN: ⚠️ Alerta: No se recibieron datos de sensores
[2025-10-06 17:57:31] INFO: Datos de sensores obtenidos correctamente en 1540 ms (total: 0)
[2025-10-06 17:57:31] WARN: ⚠️ Alerta: No se recibieron datos de sensores
[2025-10-06 17:58:22] INFO: Servidor corriendo en http://localhost:3000
[2025-10-06 17:58:27] INFO: Datos de sensores obtenidos correctamente en 0 ms (total: 3)
[2025-10-06 17:58:27] INFO: Worker ejecutado: 3 sensores, 3 parcelas activas
[2025-10-06 18:01:56] INFO: Servidor de sensores corriendo en http://localhost:3000
[2025-10-06 18:03:01] INFO: Servidor de sensores corriendo en http://localhost:3000
[2025-10-06 18:03:13] INFO: Datos de sensores obtenidos correctamente en 2508 ms (total: 10000)
[2025-10-06 18:03:13] INFO: Worker ejecutado: 10000 sensores, 0 parcelas activas
[2025-10-06 18:03:22] INFO: Datos de sensores obtenidos correctamente en 1759 ms (total: 10000)
[2025-10-06 18:03:22] INFO: Worker ejecutado: 10000 sensores, 0 parcelas activas
[2025-10-06 18:03:32] INFO: Datos de sensores obtenidos correctamente en 1407 ms (total: 10000)
[2025-10-06 18:03:32] INFO: Worker ejecutado: 10000 sensores, 0 parcelas activas
[2025-10-06 18:03:43] INFO: Datos de sensores obtenidos correctamente en 1782 ms (total: 10000)
[2025-10-06 18:03:43] INFO: Worker ejecutado: 10000 sensores, 0 parcelas activas
[2025-10-06 18:03:53] INFO: Datos de sensores obtenidos correctamente en 1902 ms (total: 10000)
[2025-10-06 18:03:53] INFO: Worker ejecutado: 10000 sensores, 0 parcelas activas
[2025-10-06 18:04:02] INFO: Datos de sensores obtenidos correctamente en 1303 ms (total: 10000)
[2025-10-06 18:04:02] INFO: Worker ejecutado: 10000 sensores, 0 parcelas activas
[2025-10-06 18:04:12] INFO: Datos de sensores obtenidos correctamente en 1535 ms (total: 10000)
[2025-10-06 18:04:12] INFO: Worker ejecutado: 10000 sensores, 0 parcelas activas
[2025-10-06 18:04:23] INFO: Datos de sensores obtenidos correctamente en 1889 ms (total: 10000)
[2025-10-06 18:04:23] INFO: Worker ejecutado: 10000 sensores, 0 parcelas activas
[2025-10-06 18:04:32] INFO: Datos de sensores obtenidos correctamente en 1656 ms (total: 10000)
[2025-10-06 18:04:32] INFO: Worker ejecutado: 10000 sensores, 0 parcelas activas
[2025-10-06 18:04:43] INFO: Datos de sensores obtenidos correctamente en 1976 ms (total: 10000)
[2025-10-06 18:04:43] INFO: Worker ejecutado: 10000 sensores, 0 parcelas activas
[2025-10-06 18:04:52] INFO: Datos de sensores obtenidos correctamente en 1384 ms (total: 10000)
[2025-10-06 18:04:52] INFO: Worker ejecutado: 10000 sensores, 0 parcelas activas
[2025-10-06 18:05:24] INFO: Servidor de sensores corriendo en http://localhost:3000
[2025-10-06 18:05:31] INFO: Datos de sensores obtenidos correctamente en 1692 ms (total: 20000)
[2025-10-06 18:05:31] INFO: Worker ejecutado: 20000 sensores, 10000 parcelas activas
[2025-10-06 18:05:31] INFO: Resumen por tipo: Temperatura=10000, Humedad=10000
[2025-10-06 18:05:35] INFO: Datos de sensores obtenidos correctamente en 1043 ms (total: 20000)
[2025-10-06 18:05:35] INFO: Worker ejecutado: 20000 sensores, 10000 parcelas activas
[2025-10-06 18:05:35] INFO: Resumen por tipo: Temperatura=10000, Humedad=10000
[2025-10-06 18:05:40] INFO: Datos de sensores obtenidos correctamente en 1106 ms (total: 20000)
[2025-10-06 18:05:40] INFO: Worker ejecutado: 20000 sensores, 10000 parcelas activas
[2025-10-06 18:05:40] INFO: Resumen por tipo: Temperatura=10000, Humedad=10000
[2025-10-06 18:05:46] INFO: Datos de sensores obtenidos correctamente en 1278 ms (total: 20000)
[2025-10-06 18:05:46] INFO: Worker ejecutado: 20000 sensores, 10000 parcelas activas
[2025-10-06 18:05:46] INFO: Resumen por tipo: Temperatura=10000, Humedad=10000
[2025-10-06 18:05:51] INFO: Datos de sensores obtenidos correctamente en 1230 ms (total: 20000)
[2025-10-06 18:05:51] INFO: Worker ejecutado: 20000 sensores, 10000 parcelas activas
[2025-10-06 18:05:51] INFO: Resumen por tipo: Temperatura=10000, Humedad=10000
[2025-10-06 18:05:56] INFO: Datos de sensores obtenidos correctamente en 1174 ms (total: 20000)
[2025-10-06 18:05:56] INFO: Worker ejecutado: 20000 sensores, 10000 parcelas activas
[2025-10-06 18:05:56] INFO: Resumen por tipo: Temperatura=10000, Humedad=10000
[2025-10-06 18:06:01] INFO: Datos de sensores obtenidos correctamente en 1305 ms (total: 20000)
[2025-10-06 18:06:01] INFO: Worker ejecutado: 20000 sensores, 10000 parcelas activas
[2025-10-06 18:06:01] INFO: Resumen por tipo: Temperatura=10000, Humedad=10000
[2025-10-06 18:06:12] INFO: Servidor de sensores corriendo en http://localhost:3000
[2025-10-06 18:06:19] INFO: Datos de sensores obtenidos correctamente en 1561 ms (total: 20000)
[2025-10-06 18:06:19] INFO: Worker ejecutado: 20000 sensores, 10000 parcelas activas
[2025-10-06 18:06:19] INFO: Resumen por tipo: Temperatura=10000, Humedad=10000
[2025-10-06 18:06:24] INFO: Datos de sensores obtenidos correctamente en 1433 ms (total: 20000)
[2025-10-06 18:06:24] INFO: Worker ejecutado: 20000 sensores, 10000 parcelas activas
[2025-10-06 18:06:24] INFO: Resumen por tipo: Temperatura=10000, Humedad=10000
[2025-10-06 18:06:29] INFO: Datos de sensores obtenidos correctamente en 1415 ms (total: 20000)
[2025-10-06 18:06:29] INFO: Worker ejecutado: 20000 sensores, 10000 parcelas activas
[2025-10-06 18:06:29] INFO: Resumen por tipo: Temperatura=10000, Humedad=10000
[2025-10-06 18:09:59] INFO: Servidor de sensores corriendo en http://localhost:3000
[2025-10-06 18:10:06] INFO: Datos de sensores obtenidos correctamente en 2076 ms (total: 40000)
[2025-10-06 18:10:10] INFO: Datos de sensores obtenidos correctamente en 1128 ms (total: 40000)
[2025-10-06 18:10:16] INFO: Datos de sensores obtenidos correctamente en 1434 ms (total: 40000)
[2025-10-06 18:10:35] INFO: Servidor de sensores corriendo en http://localhost:3000
[2025-10-06 18:10:42] INFO: Datos de sensores obtenidos correctamente en 1677 ms (total: 20000)
[2025-10-06 18:10:42] INFO: Worker ejecutado: 20000 sensores, 10000 parcelas activas
[2025-10-06 18:10:42] INFO: Resumen por tipo: Temperatura=10000, Humedad=10000
[2025-10-06 18:10:47] INFO: Datos de sensores obtenidos correctamente en 1428 ms (total: 20000)
[2025-10-06 18:10:47] INFO: Worker ejecutado: 20000 sensores, 10000 parcelas activas
[2025-10-06 18:10:47] INFO: Resumen por tipo: Temperatura=10000, Humedad=10000
[2025-10-06 18:10:52] INFO: Datos de sensores obtenidos correctamente en 1373 ms (total: 20000)
[2025-10-06 18:10:52] INFO: Worker ejecutado: 20000 sensores, 10000 parcelas activas
[2025-10-06 18:10:52] INFO: Resumen por tipo: Temperatura=10000, Humedad=10000
[2025-10-06 18:10:57] INFO: Datos de sensores obtenidos correctamente en 1139 ms (total: 20000)
[2025-10-06 18:10:57] INFO: Worker ejecutado: 20000 sensores, 10000 parcelas activas
[2025-10-06 18:10:57] INFO: Resumen por tipo: Temperatura=10000, Humedad=10000
[2025-10-06 18:11:02] INFO: Datos de sensores obtenidos correctamente en 1171 ms (total: 20000)
[2025-10-06 18:11:02] INFO: Worker ejecutado: 20000 sensores, 10000 parcelas activas
[2025-10-06 18:11:02] INFO: Resumen por tipo: Temperatura=10000, Humedad=10000
[2025-10-06 18:11:07] INFO: Datos de sensores obtenidos correctamente en 1323 ms (total: 20000)
[2025-10-06 18:11:07] INFO: Worker ejecutado: 20000 sensores, 10000 parcelas activas
[2025-10-06 18:11:07] INFO: Resumen por tipo: Temperatura=10000, Humedad=10000
[2025-10-06 18:11:12] INFO: Datos de sensores obtenidos correctamente en 1191 ms (total: 20000)
[2025-10-06 18:11:12] INFO: Worker ejecutado: 20000 sensores, 10000 parcelas activas
[2025-10-06 18:11:12] INFO: Resumen por tipo: Temperatura=10000, Humedad=10000
[2025-10-06 18:11:17] INFO: Datos de sensores obtenidos correctamente en 1261 ms (total: 20000)
[2025-10-06 18:11:17] INFO: Worker ejecutado: 20000 sensores, 10000 parcelas activas
[2025-10-06 18:11:17] INFO: Resumen por tipo: Temperatura=10000, Humedad=10000
[2025-10-06 18:11:22] INFO: Datos de sensores obtenidos correctamente en 1412 ms (total: 20000)
[2025-10-06 18:11:22] INFO: Worker ejecutado: 20000 sensores, 10000 parcelas activas
[2025-10-06 18:11:22] INFO: Resumen por tipo: Temperatura=10000, Humedad=10000
[2025-10-06 18:11:27] INFO: Datos de sensores obtenidos correctamente en 1178 ms (total: 20000)
[2025-10-06 18:11:27] INFO: Worker ejecutado: 20000 sensores, 10000 parcelas activas
[2025-10-06 18:11:27] INFO: Resumen por tipo: Temperatura=10000, Humedad=10000
[2025-10-06 18:11:31] INFO: Datos de sensores obtenidos correctamente en 1033 ms (total: 20000)
[2025-10-06 18:11:32] INFO: Worker ejecutado: 20000 sensores, 10000 parcelas activas
[2025-10-06 18:11:32] INFO: Resumen por tipo: Temperatura=10000, Humedad=10000
[2025-10-06 18:11:37] INFO: Datos de sensores obtenidos correctamente en 1112 ms (total: 20000)
[2025-10-06 18:11:37] INFO: Worker ejecutado: 20000 sensores, 10000 parcelas activas
[2025-10-06 18:11:37] INFO: Resumen por tipo: Temperatura=10000, Humedad=10000
[2025-10-06 18:11:42] INFO: Datos de sensores obtenidos correctamente en 1107 ms (total: 20000)
[2025-10-06 18:11:42] INFO: Worker ejecutado: 20000 sensores, 10000 parcelas activas
[2025-10-06 18:11:42] INFO: Resumen por tipo: Temperatura=10000, Humedad=10000
[2025-10-06 18:11:47] INFO: Datos de sensores obtenidos correctamente en 1110 ms (total: 20000)
[2025-10-06 18:11:47] INFO: Worker ejecutado: 20000 sensores, 10000 parcelas activas
[2025-10-06 18:11:47] INFO: Resumen por tipo: Temperatura=10000, Humedad=10000
[2025-10-06 18:12:12] INFO: Servidor de sensores corriendo en http://localhost:3000
[2025-10-06 18:12:19] INFO: Datos de sensores obtenidos correctamente en 1785 ms (total: 40000)
[2025-10-06 18:12:19] INFO: Worker ejecutado: 40000 sensores, 40000 parcelas activas
[2025-10-06 18:12:19] INFO: Resumen por tipo: temperatura=10000, humedad=10000, lluvia=10000, radiacion_solar=10000
[2025-10-06 18:12:23] INFO: Datos de sensores obtenidos correctamente en 1070 ms (total: 40000)
[2025-10-06 18:12:23] INFO: Worker ejecutado: 40000 sensores, 40000 parcelas activas
[2025-10-06 18:12:23] INFO: Resumen por tipo: temperatura=10000, humedad=10000, lluvia=10000, radiacion_solar=10000
[2025-10-06 18:12:51] INFO: Servidor de sensores corriendo en http://localhost:3000
[2025-10-06 18:12:57] INFO: Datos de sensores obtenidos correctamente en 1700 ms (total: 20000)
[2025-10-06 18:12:57] INFO: Worker ejecutado: 20000 sensores, 10000 parcelas activas
[2025-10-06 18:12:57] INFO: Resumen por tipo: Temperatura=10000, Humedad=10000
[2025-10-06 18:13:02] INFO: Datos de sensores obtenidos correctamente en 1203 ms (total: 20000)
[2025-10-06 18:13:02] INFO: Worker ejecutado: 20000 sensores, 10000 parcelas activas
[2025-10-06 18:13:02] INFO: Resumen por tipo: Temperatura=10000, Humedad=10000
[2025-10-06 18:14:14] INFO: Servidor de sensores corriendo en http://localhost:3000
[2025-10-06 18:14:21] INFO: Datos de sensores obtenidos correctamente en 1660 ms (total: 40000)
[2025-10-06 18:14:21] INFO: Worker ejecutado: 40000 sensores, 40000 parcelas activas
[2025-10-06 18:14:21] INFO: Resumen por tipo: temperatura=10000, humedad=10000, lluvia=10000, radiacion_solar=10000
[2025-10-06 18:14:26] INFO: Datos de sensores obtenidos correctamente en 1295 ms (total: 40000)
[2025-10-06 18:14:26] INFO: Worker ejecutado: 40000 sensores, 40000 parcelas activas
[2025-10-06 18:14:26] INFO: Resumen por tipo: temperatura=10000, humedad=10000, lluvia=10000, radiacion_solar=10000
[2025-10-06 18:16:05] INFO: Servidor de sensores corriendo en http://localhost:3000
[2025-10-06 18:16:33] INFO: Servidor de sensores corriendo en http://localhost:3000
[2025-10-06 18:18:01] INFO: Servidor de sensores corriendo en http://localhost:3000
[2025-10-06 18:19:00] INFO: Servidor de sensores corriendo en http://localhost:3000
[2025-10-06 18:19:07] INFO: Datos de sensores obtenidos correctamente en 1768 ms (total: 40000)
[2025-10-06 18:19:07] INFO: Worker ejecutado: 40000 sensores, 40000 parcelas activas
[2025-10-06 18:19:07] INFO: Resumen por tipo: temperatura=10000, humedad=10000, lluvia=10000, radiacion_solar=10000
[2025-10-06 18:19:12] INFO: Datos de sensores obtenidos correctamente en 1697 ms (total: 40000)
[2025-10-06 18:19:12] INFO: Worker ejecutado: 40000 sensores, 40000 parcelas activas
[2025-10-06 18:19:12] INFO: Resumen por tipo: temperatura=10000, humedad=10000, lluvia=10000, radiacion_solar=10000
[2025-10-06 18:19:17] INFO: Datos de sensores obtenidos correctamente en 1673 ms (total: 40000)
[2025-10-06 18:19:17] INFO: Worker ejecutado: 40000 sensores, 40000 parcelas activas
[2025-10-06 18:19:17] INFO: Resumen por tipo: temperatura=10000, humedad=10000, lluvia=10000, radiacion_solar=10000
[2025-10-06 18:19:21] INFO: Datos de sensores obtenidos correctamente en 1184 ms (total: 40000)
[2025-10-06 18:19:21] INFO: Worker ejecutado: 40000 sensores, 40000 parcelas activas
[2025-10-06 18:19:21] INFO: Resumen por tipo: temperatura=10000, humedad=10000, lluvia=10000, radiacion_solar=10000
[2025-10-06 18:24:14] INFO: Servidor de sensores corriendo en http://localhost:3000
[2025-10-06 18:24:22] INFO: Datos de sensores obtenidos correctamente en 2170 ms (total: 40000)
[2025-10-06 18:24:22] INFO: Worker ejecutado: 40000 sensores, 40000 parcelas activas
[2025-10-06 18:24:22] INFO: Resumen por tipo: temperatura=10000, humedad=10000, lluvia=10000, radiacion_solar=10000
[2025-10-06 18:24:26] INFO: Datos de sensores obtenidos correctamente en 1186 ms (total: 40000)
[2025-10-06 18:24:26] INFO: Worker ejecutado: 40000 sensores, 40000 parcelas activas
[2025-10-06 18:24:26] INFO: Resumen por tipo: temperatura=10000, humedad=10000, lluvia=10000, radiacion_solar=10000
[2025-10-06 18:26:12] INFO: Servidor corriendo en http://localhost:3000
[2025-10-06 18:26:19] INFO: Datos de sensores obtenidos correctamente en 1698 ms (total: 40000)
[2025-10-06 18:26:19] INFO: Worker ejecutado: 40000 sensores, 40000 parcelas activas
[2025-10-06 18:26:19] INFO: Resumen por tipo: temperatura=10000, humedad=10000, lluvia=10000, radiacion_solar=10000
[2025-10-06 18:26:24] INFO: Datos de sensores obtenidos correctamente en 1578 ms (total: 40000)
[2025-10-06 18:26:24] INFO: Worker ejecutado: 40000 sensores, 40000 parcelas activas
[2025-10-06 18:26:24] INFO: Resumen por tipo: temperatura=10000, humedad=10000, lluvia=10000, radiacion_solar=10000
[2025-10-06 18:26:28] ERROR: Error en registro: data and salt arguments required
[2025-10-06 18:26:28] INFO: Datos de sensores obtenidos correctamente en 1314 ms (total: 40000)
[2025-10-06 18:26:28] INFO: Worker ejecutado: 40000 sensores, 40000 parcelas activas
[2025-10-06 18:26:28] INFO: Resumen por tipo: temperatura=10000, humedad=10000, lluvia=10000, radiacion_solar=10000
[2025-10-06 18:26:33] INFO: Datos de sensores obtenidos correctamente en 1194 ms (total: 40000)
[2025-10-06 18:26:33] INFO: Worker ejecutado: 40000 sensores, 40000 parcelas activas
[2025-10-06 18:26:33] INFO: Resumen por tipo: temperatura=10000, humedad=10000, lluvia=10000, radiacion_solar=10000
[2025-10-06 18:26:39] INFO: Datos de sensores obtenidos correctamente en 1426 ms (total: 40000)
[2025-10-06 18:26:39] INFO: Worker ejecutado: 40000 sensores, 40000 parcelas activas
[2025-10-06 18:26:39] INFO: Resumen por tipo: temperatura=10000, humedad=10000, lluvia=10000, radiacion_solar=10000
[2025-10-06 18:27:56] INFO: Servidor corriendo en http://localhost:3000
[2025-10-06 18:28:03] INFO: Datos de sensores obtenidos correctamente en 1711 ms (total: 40000)
[2025-10-06 18:28:03] INFO: Worker ejecutado: 40000 sensores, 40000 parcelas activas
[2025-10-06 18:28:03] INFO: Resumen por tipo: temperatura=10000, humedad=10000, lluvia=10000, radiacion_solar=10000
[2025-10-06 18:28:07] INFO: Datos de sensores obtenidos correctamente en 1237 ms (total: 40000)
[2025-10-06 18:28:07] INFO: Worker ejecutado: 40000 sensores, 40000 parcelas activas
[2025-10-06 18:28:07] INFO: Resumen por tipo: temperatura=10000, humedad=10000, lluvia=10000, radiacion_solar=10000
[2025-10-06 18:28:12] INFO: Datos de sensores obtenidos correctamente en 974 ms (total: 40000)
[2025-10-06 18:28:12] INFO: Worker ejecutado: 40000 sensores, 40000 parcelas activas
[2025-10-06 18:28:12] INFO: Resumen por tipo: temperatura=10000, humedad=10000, lluvia=10000, radiacion_solar=10000
[2025-10-06 18:28:17] INFO: Usuario registrado: daniel@email.com
[2025-10-06 18:28:17] INFO: Datos de sensores obtenidos correctamente en 1155 ms (total: 40000)
[2025-10-06 18:28:17] INFO: Worker ejecutado: 40000 sensores, 40000 parcelas activas
[2025-10-06 18:28:17] INFO: Resumen por tipo: temperatura=10000, humedad=10000, lluvia=10000, radiacion_solar=10000
[2025-10-06 18:28:22] INFO: Datos de sensores obtenidos correctamente en 1173 ms (total: 40000)
[2025-10-06 18:28:22] INFO: Worker ejecutado: 40000 sensores, 40000 parcelas activas
[2025-10-06 18:28:22] INFO: Resumen por tipo: temperatura=10000, humedad=10000, lluvia=10000, radiacion_solar=10000
[2025-10-06 18:28:26] ERROR: Error en registro: llave duplicada viola restricción de unicidad «usuarios_correo_key»
[2025-10-06 18:28:28] INFO: Datos de sensores obtenidos correctamente en 1676 ms (total: 40000)
[2025-10-06 18:28:28] INFO: Worker ejecutado: 40000 sensores, 40000 parcelas activas
[2025-10-06 18:28:28] INFO: Resumen por tipo: temperatura=10000, humedad=10000, lluvia=10000, radiacion_solar=10000
[2025-10-06 18:28:32] INFO: Datos de sensores obtenidos correctamente en 1312 ms (total: 40000)
[2025-10-06 18:28:32] INFO: Worker ejecutado: 40000 sensores, 40000 parcelas activas
[2025-10-06 18:28:32] INFO: Resumen por tipo: temperatura=10000, humedad=10000, lluvia=10000, radiacion_solar=10000
[2025-10-06 18:28:37] INFO: Datos de sensores obtenidos correctamente en 1191 ms (total: 40000)
[2025-10-06 18:28:37] INFO: Worker ejecutado: 40000 sensores, 40000 parcelas activas
[2025-10-06 18:28:37] INFO: Resumen por tipo: temperatura=10000, humedad=10000, lluvia=10000, radiacion_solar=10000
[2025-10-06 18:30:08] INFO: Servidor corriendo en http://localhost:3000
[2025-10-06 18:30:10] INFO: Usuario registrado: pedro@email.com
[2025-10-06 18:30:14] INFO: Datos de sensores obtenidos correctamente en 1865 ms (total: 40000)
[2025-10-06 18:30:14] INFO: Worker ejecutado: 40000 sensores, 40000 parcelas activas
[2025-10-06 18:30:14] INFO: Resumen por tipo: temperatura=10000, humedad=10000, lluvia=10000, radiacion_solar=10000
[2025-10-06 18:30:19] INFO: Datos de sensores obtenidos correctamente en 1615 ms (total: 40000)
[2025-10-06 18:30:19] INFO: Worker ejecutado: 40000 sensores, 40000 parcelas activas
[2025-10-06 18:30:19] INFO: Resumen por tipo: temperatura=10000, humedad=10000, lluvia=10000, radiacion_solar=10000
[2025-10-06 18:30:24] INFO: Datos de sensores obtenidos correctamente en 1675 ms (total: 40000)
[2025-10-06 18:30:24] INFO: Worker ejecutado: 40000 sensores, 40000 parcelas activas
[2025-10-06 18:30:24] INFO: Resumen por tipo: temperatura=10000, humedad=10000, lluvia=10000, radiacion_solar=10000
[2025-10-06 20:44:30] INFO: Servidor corriendo en http://localhost:3000
[2025-10-06 20:44:37] INFO: Datos de sensores obtenidos correctamente en 1760 ms (total: 40000)
[2025-10-06 20:44:37] INFO: Worker ejecutado: 40000 sensores, 40000 parcelas activas
[2025-10-06 20:44:37] INFO: Resumen por tipo: temperatura=10000, humedad=10000, lluvia=10000, radiacion_solar=10000
[2025-10-06 20:44:42] INFO: Datos de sensores obtenidos correctamente en 1141 ms (total: 40000)
[2025-10-06 20:44:42] INFO: Worker ejecutado: 40000 sensores, 40000 parcelas activas
[2025-10-06 20:44:42] INFO: Resumen por tipo: temperatura=10000, humedad=10000, lluvia=10000, radiacion_solar=10000
[2025-10-06 20:44:47] INFO: Datos de sensores obtenidos correctamente en 1726 ms (total: 40000)
[2025-10-06 20:44:47] INFO: Worker ejecutado: 40000 sensores, 40000 parcelas activas
[2025-10-06 20:44:47] INFO: Resumen por tipo: temperatura=10000, humedad=10000, lluvia=10000, radiacion_solar=10000
[2025-10-06 20:44:52] INFO: Datos de sensores obtenidos correctamente en 1277 ms (total: 40000)
[2025-10-06 20:44:52] INFO: Worker ejecutado: 40000 sensores, 40000 parcelas activas
[2025-10-06 20:44:52] INFO: Resumen por tipo: temperatura=10000, humedad=10000, lluvia=10000, radiacion_solar=10000
[2025-10-06 20:44:52] INFO: Usuario registrado: manuel@email.com
[2025-10-06 20:44:57] INFO: Datos de sensores obtenidos correctamente en 1326 ms (total: 40000)
[2025-10-06 20:44:57] INFO: Worker ejecutado: 40000 sensores, 40000 parcelas activas
[2025-10-06 20:44:57] INFO: Resumen por tipo: temperatura=10000, humedad=10000, lluvia=10000, radiacion_solar=10000
[2025-10-06 20:45:02] INFO: Datos de sensores obtenidos correctamente en 1491 ms (total: 40000)
[2025-10-06 20:45:02] INFO: Worker ejecutado: 40000 sensores, 40000 parcelas activas
[2025-10-06 20:45:02] INFO: Resumen por tipo: temperatura=10000, humedad=10000, lluvia=10000, radiacion_solar=10000
[2025-10-06 20:45:07] INFO: Datos de sensores obtenidos correctamente en 1442 ms (total: 40000)
[2025-10-06 20:45:07] INFO: Worker ejecutado: 40000 sensores, 40000 parcelas activas
[2025-10-06 20:45:07] INFO: Resumen por tipo: temperatura=10000, humedad=10000, lluvia=10000, radiacion_solar=10000
[2025-10-06 20:45:12] INFO: Datos de sensores obtenidos correctamente en 1189 ms (total: 40000)
[2025-10-06 20:45:12] INFO: Worker ejecutado: 40000 sensores, 40000 parcelas activas
[2025-10-06 20:45:12] INFO: Resumen por tipo: temperatura=10000, humedad=10000, lluvia=10000, radiacion_solar=10000
[2025-10-06 20:45:17] INFO: Datos de sensores obtenidos correctamente en 1601 ms (total: 40000)
[2025-10-06 20:45:17] INFO: Worker ejecutado: 40000 sensores, 40000 parcelas activas
[2025-10-06 20:45:17] INFO: Resumen por tipo: temperatura=10000, humedad=10000, lluvia=10000, radiacion_solar=10000
[2025-10-06 20:45:22] INFO: Datos de sensores obtenidos correctamente en 1262 ms (total: 40000)
[2025-10-06 20:45:22] INFO: Worker ejecutado: 40000 sensores, 40000 parcelas activas
[2025-10-06 20:45:22] INFO: Resumen por tipo: temperatura=10000, humedad=10000, lluvia=10000, radiacion_solar=10000
[2025-10-06 20:45:27] INFO: Datos de sensores obtenidos correctamente en 1274 ms (total: 40000)
[2025-10-06 20:45:27] INFO: Worker ejecutado: 40000 sensores, 40000 parcelas activas
[2025-10-06 20:45:27] INFO: Resumen por tipo: temperatura=10000, humedad=10000, lluvia=10000, radiacion_solar=10000
[2025-10-06 20:45:32] INFO: Datos de sensores obtenidos correctamente en 1304 ms (total: 40000)
[2025-10-06 20:45:32] INFO: Worker ejecutado: 40000 sensores, 40000 parcelas activas
[2025-10-06 20:45:32] INFO: Resumen por tipo: temperatura=10000, humedad=10000, lluvia=10000, radiacion_solar=10000
[2025-10-06 20:45:37] INFO: Datos de sensores obtenidos correctamente en 1169 ms (total: 40000)
[2025-10-06 20:45:37] INFO: Worker ejecutado: 40000 sensores, 40000 parcelas activas
[2025-10-06 20:45:37] INFO: Resumen por tipo: temperatura=10000, humedad=10000, lluvia=10000, radiacion_solar=10000
[2025-10-06 20:45:42] INFO: Datos de sensores obtenidos correctamente en 1423 ms (total: 40000)
[2025-10-06 20:45:42] INFO: Worker ejecutado: 40000 sensores, 40000 parcelas activas
[2025-10-06 20:45:42] INFO: Resumen por tipo: temperatura=10000, humedad=10000, lluvia=10000, radiacion_solar=10000
[2025-10-06 20:45:47] INFO: Datos de sensores obtenidos correctamente en 1128 ms (total: 40000)
[2025-10-06 20:45:47] INFO: Worker ejecutado: 40000 sensores, 40000 parcelas activas
[2025-10-06 20:45:47] INFO: Resumen por tipo: temperatura=10000, humedad=10000, lluvia=10000, radiacion_solar=10000
[2025-10-06 20:45:52] INFO: Datos de sensores obtenidos correctamente en 1186 ms (total: 40000)
[2025-10-06 20:45:52] INFO: Worker ejecutado: 40000 sensores, 40000 parcelas activas
[2025-10-06 20:45:52] INFO: Resumen por tipo: temperatura=10000, humedad=10000, lluvia=10000, radiacion_solar=10000
[2025-10-06 20:45:57] INFO: Datos de sensores obtenidos correctamente en 1526 ms (total: 40000)
[2025-10-06 20:45:57] INFO: Worker ejecutado: 40000 sensores, 40000 parcelas activas
[2025-10-06 20:45:57] INFO: Resumen por tipo: temperatura=10000, humedad=10000, lluvia=10000, radiacion_solar=10000
[2025-10-06 20:46:02] INFO: Datos de sensores obtenidos correctamente en 1311 ms (total: 40000)
[2025-10-06 20:46:02] INFO: Worker ejecutado: 40000 sensores, 40000 parcelas activas
[2025-10-06 20:46:02] INFO: Resumen por tipo: temperatura=10000, humedad=10000, lluvia=10000, radiacion_solar=10000
[2025-10-06 20:46:07] INFO: Datos de sensores obtenidos correctamente en 1202 ms (total: 40000)
[2025-10-06 20:46:07] INFO: Worker ejecutado: 40000 sensores, 40000 parcelas activas
[2025-10-06 20:46:07] INFO: Resumen por tipo: temperatura=10000, humedad=10000, lluvia=10000, radiacion_solar=10000
[2025-10-06 20:46:12] INFO: Datos de sensores obtenidos correctamente en 1672 ms (total: 40000)
[2025-10-06 20:46:12] INFO: Worker ejecutado: 40000 sensores, 40000 parcelas activas
[2025-10-06 20:46:12] INFO: Resumen por tipo: temperatura=10000, humedad=10000, lluvia=10000, radiacion_solar=10000
[2025-10-06 20:46:17] INFO: Datos de sensores obtenidos correctamente en 1337 ms (total: 40000)
[2025-10-06 20:46:17] INFO: Worker ejecutado: 40000 sensores, 40000 parcelas activas
[2025-10-06 20:46:17] INFO: Resumen por tipo: temperatura=10000, humedad=10000, lluvia=10000, radiacion_solar=10000
[2025-10-06 20:46:22] INFO: Datos de sensores obtenidos correctamente en 1426 ms (total: 40000)
[2025-10-06 20:46:22] INFO: Worker ejecutado: 40000 sensores, 40000 parcelas activas
[2025-10-06 20:46:22] INFO: Resumen por tipo: temperatura=10000, humedad=10000, lluvia=10000, radiacion_solar=10000
[2025-10-06 20:47:48] INFO: Servidor corriendo en http://localhost:3000
[2025-10-06 20:47:50] INFO: Usuario logueado: manuel@email.com
[2025-10-06 20:47:54] INFO: Datos de sensores obtenidos correctamente en 1565 ms (total: 40000)
[2025-10-06 20:47:54] INFO: Worker ejecutado: 40000 sensores, 40000 parcelas activas
[2025-10-06 20:47:54] INFO: Resumen por tipo: temperatura=10000, humedad=10000, lluvia=10000, radiacion_solar=10000
[2025-10-06 20:47:59] INFO: Usuario logueado: manuel@email.com
[2025-10-06 20:47:59] INFO: Datos de sensores obtenidos correctamente en 1425 ms (total: 40000)
[2025-10-06 20:47:59] INFO: Worker ejecutado: 40000 sensores, 40000 parcelas activas
[2025-10-06 20:47:59] INFO: Resumen por tipo: temperatura=10000, humedad=10000, lluvia=10000, radiacion_solar=10000
[2025-10-06 20:48:04] INFO: Datos de sensores obtenidos correctamente en 1294 ms (total: 40000)
[2025-10-06 20:48:04] INFO: Worker ejecutado: 40000 sensores, 40000 parcelas activas
[2025-10-06 20:48:04] INFO: Resumen por tipo: temperatura=10000, humedad=10000, lluvia=10000, radiacion_solar=10000
[2025-10-06 20:48:09] INFO: Datos de sensores obtenidos correctamente en 1298 ms (total: 40000)
[2025-10-06 20:48:09] INFO: Worker ejecutado: 40000 sensores, 40000 parcelas activas
[2025-10-06 20:48:09] INFO: Resumen por tipo: temperatura=10000, humedad=10000, lluvia=10000, radiacion_solar=10000
[2025-10-06 20:48:13] INFO: Usuario logueado: manuel@email.com
[2025-10-06 20:48:14] INFO: Datos de sensores obtenidos correctamente en 1223 ms (total: 40000)
[2025-10-06 20:48:14] INFO: Worker ejecutado: 40000 sensores, 40000 parcelas activas
[2025-10-06 20:48:14] INFO: Resumen por tipo: temperatura=10000, humedad=10000, lluvia=10000, radiacion_solar=10000
[2025-10-06 20:48:19] INFO: Datos de sensores obtenidos correctamente en 1153 ms (total: 40000)
[2025-10-06 20:48:19] INFO: Worker ejecutado: 40000 sensores, 40000 parcelas activas
[2025-10-06 20:48:19] INFO: Resumen por tipo: temperatura=10000, humedad=10000, lluvia=10000, radiacion_solar=10000
[2025-10-06 20:49:55] INFO: Servidor corriendo en http://localhost:3000
[2025-10-06 20:49:58] INFO: Usuario logueado: manuel@email.com
[2025-10-06 20:50:02] INFO: Datos de sensores obtenidos correctamente en 1862 ms (total: 40000)
[2025-10-06 20:50:02] INFO: Worker ejecutado: 40000 sensores, 40000 parcelas activas
[2025-10-06 20:50:02] INFO: Resumen por tipo: temperatura=10000, humedad=10000, lluvia=10000, radiacion_solar=10000
[2025-10-06 20:50:07] INFO: Datos de sensores obtenidos correctamente en 1409 ms (total: 40000)
[2025-10-06 20:50:07] INFO: Worker ejecutado: 40000 sensores, 40000 parcelas activas
[2025-10-06 20:50:07] INFO: Resumen por tipo: temperatura=10000, humedad=10000, lluvia=10000, radiacion_solar=10000
[2025-10-06 20:50:12] INFO: Datos de sensores obtenidos correctamente en 1410 ms (total: 40000)
[2025-10-06 20:50:12] INFO: Worker ejecutado: 40000 sensores, 40000 parcelas activas
[2025-10-06 20:50:12] INFO: Resumen por tipo: temperatura=10000, humedad=10000, lluvia=10000, radiacion_solar=10000
[2025-10-06 20:50:17] INFO: Datos de sensores obtenidos correctamente en 1511 ms (total: 40000)
[2025-10-06 20:50:17] INFO: Worker ejecutado: 40000 sensores, 40000 parcelas activas
[2025-10-06 20:50:17] INFO: Resumen por tipo: temperatura=10000, humedad=10000, lluvia=10000, radiacion_solar=10000
[2025-10-06 20:50:22] INFO: Datos de sensores obtenidos correctamente en 1539 ms (total: 40000)
[2025-10-06 20:50:22] INFO: Worker ejecutado: 40000 sensores, 40000 parcelas activas
[2025-10-06 20:50:22] INFO: Resumen por tipo: temperatura=10000, humedad=10000, lluvia=10000, radiacion_solar=10000
[2025-10-06 20:50:26] INFO: Datos de sensores obtenidos correctamente en 1233 ms (total: 40000)
[2025-10-06 20:50:26] INFO: Worker ejecutado: 40000 sensores, 40000 parcelas activas
[2025-10-06 20:50:26] INFO: Resumen por tipo: temperatura=10000, humedad=10000, lluvia=10000, radiacion_solar=10000
[2025-10-06 20:50:32] INFO: Datos de sensores obtenidos correctamente en 1561 ms (total: 40000)
[2025-10-06 20:50:32] INFO: Worker ejecutado: 40000 sensores, 40000 parcelas activas
[2025-10-06 20:50:32] INFO: Resumen por tipo: temperatura=10000, humedad=10000, lluvia=10000, radiacion_solar=10000
[2025-10-06 20:50:36] INFO: Datos de sensores obtenidos correctamente en 1182 ms (total: 40000)
[2025-10-06 20:50:36] INFO: Worker ejecutado: 40000 sensores, 40000 parcelas activas
[2025-10-06 20:50:36] INFO: Resumen por tipo: temperatura=10000, humedad=10000, lluvia=10000, radiacion_solar=10000
[2025-10-06 20:50:42] INFO: Datos de sensores obtenidos correctamente en 1358 ms (total: 40000)
[2025-10-06 20:50:42] INFO: Worker ejecutado: 40000 sensores, 40000 parcelas activas
[2025-10-06 20:50:42] INFO: Resumen por tipo: temperatura=10000, humedad=10000, lluvia=10000, radiacion_solar=10000
[2025-10-06 20:50:47] INFO: Datos de sensores obtenidos correctamente en 1295 ms (total: 40000)
[2025-10-06 20:50:47] INFO: Worker ejecutado: 40000 sensores, 40000 parcelas activas
[2025-10-06 20:50:47] INFO: Resumen por tipo: temperatura=10000, humedad=10000, lluvia=10000, radiacion_solar=10000
[2025-10-06 20:50:52] INFO: Datos de sensores obtenidos correctamente en 1398 ms (total: 40000)
[2025-10-06 20:50:52] INFO: Worker ejecutado: 40000 sensores, 40000 parcelas activas
[2025-10-06 20:50:52] INFO: Resumen por tipo: temperatura=10000, humedad=10000, lluvia=10000, radiacion_solar=10000
